32            1.100            18.600 
19            1.900            42.800 
24            4.000            48.500 
26            0.400            51.200 
29            3.100            59.700 
23            0.700            71.500 
35           75.000            75.700 
13            0.800            80.400 
2            0.300            92.500 
18            1.000            95.100 
35          111.000           124.800 
1            0.500           138.000 
6            0.600           146.800 
20            0.300           147.700 
8            0.300           148.500 
14            0.300           220.600 
11            0.500           251.000 
5            0.400           269.200 
9            0.100           363.900 
16            0.100           379.200 
5          269.800           413.600 
17            0.500           430.600 
10            0.100           529.700 
3            0.100           653.500 
28            0.100           708.800 
22            0.100           769.400 
21            0.100           833.800 
21          834.000           923.000 
45            0.100          1257.400 
4            0.100          1474.600 
15            0.100          1764.800 
4         1475.300          2061.000 
5          414.600          2560.100 
5         2561.200          2674.300 
26        54532.800         54555.800 
3        53450.200         55850.000 
2      3655850.000       3655860.800 
38     18955860.800      18955867.100 
