79.58041827016945 12 3
97.28285598010982 34 3
113.49063486772425 33 3
507.41210209888175 7 3
766.2026988217544 39 3
2921.41972664079 40 3
3450.125107659536 27 3
7331.62731695059 11 3
70588.6853636209 8 3
138931.9174814344 5 3
301404.9564881325 16 3
397352.1402972024 24 3
842546.6026981153 26 3
980848.7006059136 18 10
1313558.070544649 29 3
1550863.143531466 45 3
2284094.2148167132 6 3
5277835.986351607 17 3
6673426.6124342475 19 3
13130616.665621448 32 3
19130308.28575449 1 3
34380991.68620096 4 3
54201882.4006726 30 3
65486856.226199605 13 3
75135528.22214292 36 2
122180142.45818003 57 2
164143924.97259888 68 11
177412102.79397383 76 11
177982052.417778 21 3
291267955.64151585 10 2
377463340.5237793 23 3
382751644.6972877 3 2
1042104256.9052675 64 3
1097900608.281203 58 3
1384385225.357616 46 2
1667458182.3913255 9 11
