24            3.700            41.000 
6            0.800            55.000 
18            1.400            60.100 
6           55.600            62.900 
27            1.300            68.300 
13            1.100            69.600 
41            0.200            76.700 
4            0.100            77.700 
8            1.800            79.000 
2            1.200            84.000 
12            1.000            91.500 
25           49.400            91.700 
19            3.700            92.700 
46            0.600            95.400 
20           31.000            96.200 
4           79.700           107.300 
15            0.400           117.800 
14            3.400           122.200 
9            0.400           131.800 
21            0.500           162.200 
7            0.800           170.800 
6           63.300           209.600 
1            0.600           210.200 
3            0.300           252.600 
30          202.300           288.400 
30          346.900           363.300 
16            0.100           439.900 
11            0.100           463.700 
10            0.100           501.100 
23            0.100           515.800 
23          516.500           564.600 
29            0.100           647.100 
17            0.100           787.400 
23          565.300           830.900 
17          787.500          1063.700 
35            0.100          1573.700 
22            0.100          2723.000 
28            0.100          3344.800 
5            0.100          3763.600 
5         3764.000          3892.900 
7         6398.700          6441.400 
17         6532.500          6607.600 
21         7390.800          7396.500 
41         7697.900          8102.000 
28         8829.900          8889.700 
34            0.100          8935.800 
5      2258935.800       2258999.800 
35     11508999.800      11509042.700 
5     12209042.700      12209052.400 
47     15309052.400      15309074.600 
21     22709074.600      22709199.200 
