4929.927443844262 40 3
12462.020762624323 3 3
12539.255429604305 1 3
20956.854205876993 24 3
241687.50582919258 7 3
430115.68720560474 22 3
438012.24405380746 23 10
581372.2110222882 18 3
689442.5419680387 2 3
899064.8776813959 11 3
2197083.175382801 14 3
2685137.920207751 16 3
2858126.854096467 45 3
2911638.215607283 37 3
3147095.915819899 9 3
3263718.963038514 8 3
7515486.570120966 34 3
17755668.474488124 47 3
23210151.322980087 21 3
25130425.40008813 6 3
25611089.464271285 39 3
36144433.00443501 38 3
47898610.23433181 42 3
81254165.7531954 12 3
84918309.46308564 51 3
151723977.46533722 29 3
191815005.08488935 5 3
204617228.52776253 17 3
528570004.83250177 30 2
593990316.9789933 63 2
916177718.0536046 35 3
1148036470.23676 10 3
1196964868.5504494 27 2
1600781582.7017589 60 11
1751898478.6631422 55 3
1827906587.3603573 44 2
