23            0.600            34.400 
22            1.300            46.800 
2            0.100            50.600 
17            0.400            61.700 
18            0.100            79.500 
42            0.200           122.400 
39            9.000           129.900 
16            0.700           151.400 
11            0.300           200.600 
4            0.500           213.700 
20            0.100           220.000 
12            0.100           402.800 
4          215.000           417.200 
9            0.100           461.100 
6            0.100           488.200 
1            0.100           511.800 
14            0.100           543.700 
24            0.100           562.600 
24          565.300           574.100 
1          512.900           599.200 
10            0.600           653.000 
25            0.100           718.100 
43            0.100           723.800 
25          719.500           766.500 
15            0.100           767.900 
7            0.100           834.900 
3            0.100           904.200 
7          836.000          1035.300 
5            0.300          1049.400 
2           50.700          1083.900 
27            0.100          1168.500 
30            0.100          1325.700 
44            0.100          1388.400 
5         1050.500          1826.500 
13            0.100          1922.300 
26            0.100          2060.600 
33            0.100          2137.100 
21            0.100          2347.500 
21         2348.300          2397.700 
19            0.100          2725.100 
26         7122.900          7183.300 
25         7301.300          7467.500 
36            0.100          8560.300 
8            0.100          8745.300 
36       458854.700        458966.700 
12      1708966.700       1708976.400 
42      3408976.400       3408992.100 
27      4658992.100       4659001.500 
22     39759001.500      39759023.500 
