58.811788460929264 37 3
86.75672533473548 32 3
220.02019584208662 20 10
247.30730392830895 31 3
393.92968354798387 38 3
488.3025612233538 6 10
58854.607316520305 30 3
104912.63743881142 5 3
235634.85700781946 10 3
369126.6843974237 3 3
431983.65101091634 14 3
448150.39308062196 28 3
523758.3756571382 16 3
599375.5426755763 15 3
676233.6032428996 24 3
1426425.0038810149 9 3
1539134.6969165397 44 3
2173841.5383702675 45 3
3445927.6377861346 4 3
3711095.7537210956 19 3
5645022.964105585 55 3
13689147.176530013 43 3
14144918.634714628 25 3
17779969.800867796 34 3
33153569.818469524 57 4
38403523.57705468 18 2
50542080.03815209 21 2
90858701.34412989 29 2
125777260.1731279 8 3
286184709.9186299 68 11
322459456.95875436 48 3
380473452.8420928 53 3
414943594.551207 27 2
448096384.72164893 42 2
500951340.4224241 1 3
672056179.3584867 11 3
688012145.4737405 65 2
841023978.2820836 36 2
1178444314.2256505 40 3
1202066530.426274 49 2
1272928752.6055944 70 11
1290139457.3742757 46 3
1490810853.7886343 51 11
