22            1.900            28.400 
17            1.600            33.300 
11            1.100            45.500 
5            0.800            61.200 
16            0.900            75.600 
36            0.700            84.200 
4            0.600           109.400 
1            0.100           127.500 
1          128.200           146.100 
33            0.200           158.600 
1          146.600           162.800 
2            0.100           186.300 
30            0.200           193.300 
3            0.100           214.800 
7            0.100           343.100 
9            0.100           470.200 
1          163.500           626.500 
13            0.100           670.500 
3          215.000           686.800 
27            0.100           699.600 
10            0.700           764.000 
8            0.100           864.400 
24            0.100           865.100 
12            0.100           886.600 
8          879.300           938.100 
4          110.000           945.400 
37            0.200           955.700 
15            0.100          1329.900 
15         1330.700          1360.900 
18            0.100          1414.600 
32            0.100          1571.100 
14            0.100          1690.100 
26            0.100          1712.100 
31            0.100          2049.900 
20            0.100          2298.300 
21            0.100          2341.800 
25            0.100          3037.700 
6            0.100          3680.400 
23      1103767.400       1103886.700 
13      3003886.700       3003905.300 
37      3303905.300       3304030.000 
37      3354030.000       3354153.900 
4      9754153.900       9754155.300 
32     11554155.300      11554172.800 
21     11854172.800      11854195.700 
6     20204285.400      20204308.500 
4     25604308.500      25604325.800 
