343.06087417603305 19 10
343.43242243519984 7 10
626.5749201244201 1 10
3767.3015508239764 38 3
20625.89192125692 2 3
48096.9367670132 8 3
49223.704407566445 11 3
153078.4008974692 27 3
168622.52588350905 30 3
264155.87348413176 10 3
320237.3722027165 12 3
391257.5670716692 5 3
810513.9783073477 14 3
1057681.170805876 29 3
3569326.167728353 59 2
4639597.0178124895 16 3
7883407.779218155 39 3
12695324.900236191 25 3
14989049.337031294 32 3
15808239.069504142 43 3
17404285.361351114 21 3
24346190.412261456 22 3
67500756.0159263 18 3
97531788.60191374 41 3
109685401.10142733 68 11
163334071.02649125 45 3
165452241.6741414 69 11
223032038.13592562 58 2
320050891.87685305 53 2
391108679.0632642 55 3
422768349.3117767 63 3
717163995.9817463 4 3
833057311.5618228 72 3
927167171.2950526 34 2
1351904823.9917378 51 2
1860093725.632992 76 11
1891313714.4876018 6 2
1903082111.8829088 28 11
1941409181.7329981 60 11
